<?xml version="1.0" encoding="UTF-8"?>
<!-- Generated by org.testng.reporters.JUnitXMLReporter -->
<testsuite ignored="0" hostname="Durgesh-Aspire-5" failures="0" tests="2" name="Default test" time="21.42" errors="0" timestamp="2025-11-15T04:30:50 IST">
  <testcase classname="rahulshettyacademy.tests.ErrorValidationsTest" name="InvalidEmailPwdErrorValidation" time="0.995"/>
  <testcase classname="rahulshettyacademy.tests.ErrorValidationsTest" name="ProductErrorValidation" time="13.744"/>
</testsuite> <!-- Default test -->
