<?xml version="1.0" encoding="UTF-8"?>
<!-- Generated by org.testng.reporters.JUnitXMLReporter -->
<testsuite ignored="0" hostname="Durgesh-Aspire-5" failures="0" tests="2" name="Error Validation Test" time="22.708" errors="0" timestamp="2025-11-15T04:44:29 IST">
  <testcase classname="rahulshettyacademy.tests.ErrorValidationsTest" name="InvalidEmailPwdErrorValidation" time="1.213"/>
  <testcase classname="rahulshettyacademy.tests.ErrorValidationsTest" name="ProductErrorValidation" time="14.17"/>
</testsuite> <!-- Error Validation Test -->
