<?xml version="1.0" encoding="UTF-8"?>
<!-- Generated by org.testng.reporters.JUnitXMLReporter -->
<testsuite ignored="0" hostname="LAPTOP-OJ6H07UD" failures="0" tests="2" name="Error Validation Test" time="45.62" errors="0" timestamp="2025-08-29T13:34:00 IST">
  <testcase classname="rahulshettyacademy.tests.ErrorValidationsTest" name="InvalidEmailPwdErrorValidation" time="3.263"/>
  <testcase classname="rahulshettyacademy.tests.ErrorValidationsTest" name="ProductErrorValidation" time="24.828"/>
</testsuite> <!-- Error Validation Test -->
