<?xml version="1.0" encoding="UTF-8"?>
<!-- Generated by org.testng.reporters.JUnitXMLReporter -->
<testsuite ignored="0" hostname="Durgesh-Aspire-5" failures="0" tests="2" name="Submit Order Test" time="47.253" errors="0" timestamp="2025-09-22T20:11:25 IST">
  <testcase classname="rahulshettyacademy.tests.SubmitOrderTest" name="submitOrder" time="16.405"/>
  <testcase classname="rahulshettyacademy.tests.SubmitOrderTest" name="submitOrder" time="16.286"/>
</testsuite> <!-- Submit Order Test -->
