<?xml version="1.0" encoding="UTF-8"?>
<!-- Generated by org.testng.reporters.JUnitXMLReporter -->
<testsuite ignored="0" hostname="LAPTOP-OJ6H07UD" failures="0" tests="2" name="Error Validation Test" time="10.644" errors="0" timestamp="2025-08-30T20:25:52 IST">
  <testcase classname="rahulshettyacademy.tests.ErrorValidationsTest" name="InvalidEmailPwdErrorValidation" time="2.927"/>
  <testcase classname="rahulshettyacademy.tests.ErrorValidationsTest" name="ProductErrorValidation" time="1.985"/>
</testsuite> <!-- Error Validation Test -->
