<?xml version="1.0" encoding="UTF-8"?>
<!-- Generated by org.testng.reporters.JUnitXMLReporter -->
<testsuite ignored="0" hostname="Durgesh-Aspire-5" failures="0" tests="3" name="Submit Order Test" time="62.735" errors="0" timestamp="2025-11-15T02:02:39 IST">
  <testcase classname="rahulshettyacademy.tests.SubmitOrderTest" name="submitOrder" time="15.047">
    <skipped/>
  </testcase> <!-- submitOrder -->
  <testcase classname="rahulshettyacademy.tests.SubmitOrderTest" name="submitOrder" time="17.289"/>
  <testcase classname="rahulshettyacademy.tests.SubmitOrderTest" name="submitOrder" time="16.457"/>
</testsuite> <!-- Submit Order Test -->
