<?xml version="1.0" encoding="UTF-8"?>
<testsuite xmlns:xsi="http://www.w3.org/2001/XMLSchema-instance" xsi:noNamespaceSchemaLocation="https://maven.apache.org/surefire/maven-surefire-plugin/xsd/surefire-test-report.xsd" version="3.0.2" name="TestSuite" time="25.598" tests="4" errors="0" skipped="0" failures="0">
  <properties>
[...]
</properties>
  <testcase name="InvalidEmailPwdErrorValidation" classname="rahulshettyacademy.tests.ErrorValidationsTest" time="2.92">
    <system-err><![CDATA[SLF4J(W): No SLF4J providers were found.
SLF4J(W): Defaulting to no-operation (NOP) logger implementation
SLF4J(W): See https://www.slf4j.org/codes.html#noProviders for further details.
Aug 30, 2025 8:25:44 PM org.openqa.selenium.devtools.CdpVersionFinder findNearestMatch
WARNING: Unable to find an exact match for CDP version 139, returning the closest version; found: 138; Please update to a Selenium version that supports CDP version 139
Aug 30, 2025 8:25:44 PM org.openqa.selenium.devtools.CdpVersionFinder findNearestMatch
WARNING: Unable to find an exact match for CDP version 139, returning the closest version; found: 138; Please update to a Selenium version that supports CDP version 139
]]></system-err>
  </testcase>
  <testcase name="ProductErrorValidation" classname="rahulshettyacademy.tests.ErrorValidationsTest" time="1.985">
    <system-err><![CDATA[Aug 30, 2025 8:25:48 PM org.openqa.selenium.devtools.CdpVersionFinder findNearestMatch
WARNING: Unable to find an exact match for CDP version 139, returning the closest version; found: 138; Please update to a Selenium version that supports CDP version 139
]]></system-err>
  </testcase>
  <testcase name="submitOrder[{password=Admin@12345, product=ZARA COAT 3, email=test13oup@gmail.com}](1)" classname="rahulshettyacademy.tests.SubmitOrderTest" time="10.713">
    <system-out><![CDATA[Order Placed!
]]></system-out>
  </testcase>
  <testcase name="submitOrder[{password=Admin@12345, product=ADIDAS ORIGINAL, email=test13oup@gmail.com}](2)" classname="rahulshettyacademy.tests.SubmitOrderTest" time="4.596">
    <system-out><![CDATA[Order Placed!
]]></system-out>
    <system-err><![CDATA[Aug 30, 2025 8:26:02 PM org.openqa.selenium.devtools.CdpVersionFinder findNearestMatch
WARNING: Unable to find an exact match for CDP version 139, returning the closest version; found: 138; Please update to a Selenium version that supports CDP version 139
]]></system-err>
  </testcase>
</testsuite>