<?xml version="1.0" encoding="UTF-8"?>
<testng-results ignored="0" total="2" passed="2" failed="0" skipped="0">
  <reporter-output>
  </reporter-output>
  <suite started-at="2025-11-15T04:30:29 IST" name="Default suite" finished-at="2025-11-15T04:30:50 IST" duration-ms="21420">
    <groups>
      <group name="ErrorHandling">
        <method signature="ErrorValidationsTest.InvalidEmailPwdErrorValidation()[pri:0, instance:rahulshettyacademy.tests.ErrorValidationsTest@158da8e]" name="InvalidEmailPwdErrorValidation" class="rahulshettyacademy.tests.ErrorValidationsTest"/>
      </group> <!-- ErrorHandling -->
    </groups>
    <test started-at="2025-11-15T04:30:29 IST" name="Default test" finished-at="2025-11-15T04:30:50 IST" duration-ms="21420">
      <class name="rahulshettyacademy.tests.ErrorValidationsTest">
        <test-method is-config="true" signature="launchApplication()[pri:0, instance:rahulshettyacademy.tests.ErrorValidationsTest@158da8e]" started-at="2025-11-15T04:30:29 IST" name="launchApplication" finished-at="2025-11-15T04:30:32 IST" duration-ms="3243" status="PASS">
          <reporter-output>
          </reporter-output>
        </test-method> <!-- launchApplication -->
        <test-method signature="InvalidEmailPwdErrorValidation()[pri:0, instance:rahulshettyacademy.tests.ErrorValidationsTest@158da8e]" started-at="2025-11-15T04:30:32 IST" name="InvalidEmailPwdErrorValidation" finished-at="2025-11-15T04:30:33 IST" duration-ms="995" status="PASS">
          <reporter-output>
          </reporter-output>
        </test-method> <!-- InvalidEmailPwdErrorValidation -->
        <test-method is-config="true" signature="tearDown()[pri:0, instance:rahulshettyacademy.tests.ErrorValidationsTest@158da8e]" started-at="2025-11-15T04:30:33 IST" name="tearDown" finished-at="2025-11-15T04:30:33 IST" duration-ms="229" status="PASS">
          <reporter-output>
          </reporter-output>
        </test-method> <!-- tearDown -->
        <test-method is-config="true" signature="launchApplication()[pri:0, instance:rahulshettyacademy.tests.ErrorValidationsTest@158da8e]" started-at="2025-11-15T04:30:33 IST" name="launchApplication" finished-at="2025-11-15T04:30:36 IST" duration-ms="2912" status="PASS">
          <reporter-output>
          </reporter-output>
        </test-method> <!-- launchApplication -->
        <test-method signature="ProductErrorValidation()[pri:0, instance:rahulshettyacademy.tests.ErrorValidationsTest@158da8e]" started-at="2025-11-15T04:30:36 IST" name="ProductErrorValidation" finished-at="2025-11-15T04:30:50 IST" duration-ms="13744" status="PASS">
          <reporter-output>
          </reporter-output>
        </test-method> <!-- ProductErrorValidation -->
        <test-method is-config="true" signature="tearDown()[pri:0, instance:rahulshettyacademy.tests.ErrorValidationsTest@158da8e]" started-at="2025-11-15T04:30:50 IST" name="tearDown" finished-at="2025-11-15T04:30:50 IST" duration-ms="254" status="PASS">
          <reporter-output>
          </reporter-output>
        </test-method> <!-- tearDown -->
      </class> <!-- rahulshettyacademy.tests.ErrorValidationsTest -->
    </test> <!-- Default test -->
  </suite> <!-- Default suite -->
</testng-results>
