<?xml version="1.0" encoding="UTF-8"?>
<testng-results ignored="0" total="2" passed="2" failed="0" skipped="0">
  <reporter-output>
  </reporter-output>
  <suite started-at="2025-11-15T04:44:06 IST" name="Suite" finished-at="2025-11-15T04:44:29 IST" duration-ms="22708">
    <groups>
      <group name="ErrorHandling">
        <method signature="ErrorValidationsTest.InvalidEmailPwdErrorValidation()[pri:0, instance:rahulshettyacademy.tests.ErrorValidationsTest@5af3afd9]" name="InvalidEmailPwdErrorValidation" class="rahulshettyacademy.tests.ErrorValidationsTest"/>
      </group> <!-- ErrorHandling -->
    </groups>
    <test started-at="2025-11-15T04:44:06 IST" name="Error Validation Test" finished-at="2025-11-15T04:44:29 IST" duration-ms="22708">
      <class name="rahulshettyacademy.tests.ErrorValidationsTest">
        <test-method is-config="true" signature="launchApplication()[pri:0, instance:rahulshettyacademy.tests.ErrorValidationsTest@5af3afd9]" started-at="2025-11-15T04:44:06 IST" name="launchApplication" finished-at="2025-11-15T04:44:10 IST" duration-ms="3687" status="PASS">
          <reporter-output>
          </reporter-output>
        </test-method> <!-- launchApplication -->
        <test-method signature="InvalidEmailPwdErrorValidation()[pri:0, instance:rahulshettyacademy.tests.ErrorValidationsTest@5af3afd9]" started-at="2025-11-15T04:44:10 IST" name="InvalidEmailPwdErrorValidation" finished-at="2025-11-15T04:44:11 IST" duration-ms="1213" status="PASS">
          <reporter-output>
          </reporter-output>
        </test-method> <!-- InvalidEmailPwdErrorValidation -->
        <test-method is-config="true" signature="tearDown()[pri:0, instance:rahulshettyacademy.tests.ErrorValidationsTest@5af3afd9]" started-at="2025-11-15T04:44:11 IST" name="tearDown" finished-at="2025-11-15T04:44:11 IST" duration-ms="253" status="PASS">
          <reporter-output>
          </reporter-output>
        </test-method> <!-- tearDown -->
        <test-method is-config="true" signature="launchApplication()[pri:0, instance:rahulshettyacademy.tests.ErrorValidationsTest@5af3afd9]" started-at="2025-11-15T04:44:11 IST" name="launchApplication" finished-at="2025-11-15T04:44:14 IST" duration-ms="3131" status="PASS">
          <reporter-output>
          </reporter-output>
        </test-method> <!-- launchApplication -->
        <test-method signature="ProductErrorValidation()[pri:0, instance:rahulshettyacademy.tests.ErrorValidationsTest@5af3afd9]" started-at="2025-11-15T04:44:14 IST" name="ProductErrorValidation" finished-at="2025-11-15T04:44:28 IST" duration-ms="14170" status="PASS">
          <reporter-output>
          </reporter-output>
        </test-method> <!-- ProductErrorValidation -->
        <test-method is-config="true" signature="tearDown()[pri:0, instance:rahulshettyacademy.tests.ErrorValidationsTest@5af3afd9]" started-at="2025-11-15T04:44:28 IST" name="tearDown" finished-at="2025-11-15T04:44:29 IST" duration-ms="194" status="PASS">
          <reporter-output>
          </reporter-output>
        </test-method> <!-- tearDown -->
      </class> <!-- rahulshettyacademy.tests.ErrorValidationsTest -->
    </test> <!-- Error Validation Test -->
  </suite> <!-- Suite -->
</testng-results>
