<?xml version="1.0" encoding="UTF-8"?>
<testng-results ignored="0" total="2" passed="2" failed="0" skipped="0">
  <reporter-output>
  </reporter-output>
  <suite started-at="2025-09-22T20:10:37 IST" name="Suite" finished-at="2025-09-22T20:11:24 IST" duration-ms="47253">
    <groups>
      <group name="Purchase">
        <method signature="SubmitOrderTest.submitOrder(java.util.HashMap)[pri:0, instance:rahulshettyacademy.tests.SubmitOrderTest@61c4eee0]" name="submitOrder" class="rahulshettyacademy.tests.SubmitOrderTest"/>
      </group> <!-- Purchase -->
    </groups>
    <test started-at="2025-09-22T20:10:37 IST" name="Submit Order Test" finished-at="2025-09-22T20:11:24 IST" duration-ms="47253">
      <class name="rahulshettyacademy.tests.SubmitOrderTest">
        <test-method is-config="true" signature="launchApplication()[pri:0, instance:rahulshettyacademy.tests.SubmitOrderTest@61c4eee0]" started-at="2025-09-22T20:10:38 IST" name="launchApplication" finished-at="2025-09-22T20:10:45 IST" duration-ms="7661" status="PASS">
          <reporter-output>
          </reporter-output>
        </test-method> <!-- launchApplication -->
        <test-method signature="submitOrder(java.util.HashMap)[pri:0, instance:rahulshettyacademy.tests.SubmitOrderTest@61c4eee0]" started-at="2025-09-22T20:10:45 IST" name="submitOrder" data-provider="getData" finished-at="2025-09-22T20:11:02 IST" duration-ms="16405" status="PASS">
          <params>
            <param index="0">
              <value>
                <![CDATA[{password=Admin@12345, product=ZARA COAT 3, email=test13oup@gmail.com}]]>
              </value>
            </param>
          </params>
          <reporter-output>
          </reporter-output>
        </test-method> <!-- submitOrder -->
        <test-method is-config="true" signature="tearDown()[pri:0, instance:rahulshettyacademy.tests.SubmitOrderTest@61c4eee0]" started-at="2025-09-22T20:11:02 IST" name="tearDown" finished-at="2025-09-22T20:11:02 IST" duration-ms="399" status="PASS">
          <reporter-output>
          </reporter-output>
        </test-method> <!-- tearDown -->
        <test-method is-config="true" signature="launchApplication()[pri:0, instance:rahulshettyacademy.tests.SubmitOrderTest@61c4eee0]" started-at="2025-09-22T20:11:02 IST" name="launchApplication" finished-at="2025-09-22T20:11:07 IST" duration-ms="5254" status="PASS">
          <reporter-output>
          </reporter-output>
        </test-method> <!-- launchApplication -->
        <test-method signature="submitOrder(java.util.HashMap)[pri:0, instance:rahulshettyacademy.tests.SubmitOrderTest@61c4eee0]" started-at="2025-09-22T20:11:07 IST" name="submitOrder" data-provider="getData" finished-at="2025-09-22T20:11:24 IST" duration-ms="16286" status="PASS">
          <params>
            <param index="0">
              <value>
                <![CDATA[{password=Admin@12345, product=ADIDAS ORIGINAL, email=test13oup@gmail.com}]]>
              </value>
            </param>
          </params>
          <reporter-output>
          </reporter-output>
        </test-method> <!-- submitOrder -->
        <test-method is-config="true" signature="tearDown()[pri:0, instance:rahulshettyacademy.tests.SubmitOrderTest@61c4eee0]" started-at="2025-09-22T20:11:24 IST" name="tearDown" finished-at="2025-09-22T20:11:24 IST" duration-ms="419" status="PASS">
          <reporter-output>
          </reporter-output>
        </test-method> <!-- tearDown -->
      </class> <!-- rahulshettyacademy.tests.SubmitOrderTest -->
    </test> <!-- Submit Order Test -->
  </suite> <!-- Suite -->
</testng-results>
