<?xml version="1.0" encoding="UTF-8"?>
<!-- Generated by org.testng.reporters.JUnitReportReporter -->
<testsuite hostname="LAPTOP-OJ6H07UD" failures="0" tests="2" name="rahulshettyacademy.tests.ErrorValidationsTest" time="45.530" errors="0" timestamp="2025-08-29T13:34:00 IST" skipped="0">
  <testcase classname="rahulshettyacademy.tests.ErrorValidationsTest" name="ProductErrorValidation" time="29.929"/>
  <testcase classname="rahulshettyacademy.tests.ErrorValidationsTest" name="InvalidEmailPwdErrorValidation" time="15.601"/>
</testsuite> <!-- rahulshettyacademy.tests.ErrorValidationsTest -->
