<?xml version="1.0" encoding="UTF-8"?>
<!-- Generated by org.testng.reporters.JUnitReportReporter -->
<testsuite hostname="Durgesh-Aspire-5" failures="0" tests="2" name="rahulshettyacademy.tests.ErrorValidationsTest" time="22.648" errors="0" timestamp="2025-11-15T04:44:29 IST" skipped="0">
  <testcase classname="rahulshettyacademy.tests.ErrorValidationsTest" name="ProductErrorValidation" time="17.495"/>
  <testcase classname="rahulshettyacademy.tests.ErrorValidationsTest" name="InvalidEmailPwdErrorValidation" time="5.153"/>
</testsuite> <!-- rahulshettyacademy.tests.ErrorValidationsTest -->
