<?xml version="1.0" encoding="UTF-8"?>
<!-- Generated by org.testng.reporters.JUnitReportReporter -->
<testsuite hostname="Durgesh-Aspire-5" failures="0" tests="2" name="rahulshettyacademy.tests.SubmitOrderTest" time="46.424" errors="0" timestamp="2025-09-22T20:11:25 IST" skipped="0">
  <testcase classname="rahulshettyacademy.tests.SubmitOrderTest" name="submitOrder" time="21.959"/>
  <testcase classname="rahulshettyacademy.tests.SubmitOrderTest" name="submitOrder" time="24.465"/>
</testsuite> <!-- rahulshettyacademy.tests.SubmitOrderTest -->
