<?xml version="1.0" encoding="UTF-8"?>
<!-- Generated by org.testng.reporters.JUnitReportReporter -->
<testsuite hostname="LAPTOP-OJ6H07UD" failures="0" tests="2" name="rahulshettyacademy.tests.ErrorValidationsTest" time="10.608" errors="0" timestamp="2025-08-30T20:26:07 IST" skipped="0">
  <testcase classname="rahulshettyacademy.tests.ErrorValidationsTest" name="ProductErrorValidation" time="4.635"/>
  <testcase classname="rahulshettyacademy.tests.ErrorValidationsTest" name="InvalidEmailPwdErrorValidation" time="5.973"/>
</testsuite> <!-- rahulshettyacademy.tests.ErrorValidationsTest -->
