<?xml version="1.0" encoding="UTF-8"?>
<!-- Generated by org.testng.reporters.JUnitReportReporter -->
<testsuite hostname="Durgesh-Aspire-5" failures="0" tests="3" name="rahulshettyacademy.tests.SubmitOrderTest" time="62.254" errors="0" timestamp="2025-11-15T02:02:39 IST" skipped="1">
  <testcase classname="rahulshettyacademy.tests.SubmitOrderTest" name="submitOrder" time="22.080"/>
  <testcase classname="rahulshettyacademy.tests.SubmitOrderTest" name="submitOrder" time="20.248">
    <skipped/>
  </testcase> <!-- submitOrder -->
  <testcase classname="rahulshettyacademy.tests.SubmitOrderTest" name="submitOrder" time="19.926"/>
</testsuite> <!-- rahulshettyacademy.tests.SubmitOrderTest -->
