<?xml version="1.0" encoding="UTF-8"?>
<!-- Generated by org.testng.reporters.JUnitReportReporter -->
<testsuite hostname="LAPTOP-OJ6H07UD" failures="0" tests="2" name="rahulshettyacademy.tests.SubmitOrderTest" time="24.858" errors="0" timestamp="2025-08-30T20:26:07 IST" skipped="0">
  <testcase classname="rahulshettyacademy.tests.SubmitOrderTest" name="submitOrder" time="19.165"/>
  <testcase classname="rahulshettyacademy.tests.SubmitOrderTest" name="submitOrder" time="5.693"/>
</testsuite> <!-- rahulshettyacademy.tests.SubmitOrderTest -->
